2025-10-24 01:44:38 +08:00: Error sending OTP: Error: 9 FAILED_PRECONDITION: The query requires an index. You can create it here: https://console.firebase.google.com/v1/r/project/gymplify-554c8/firestore/indexes?create_composite=Ck9wcm9qZWN0cy9neW1wbGlmeS01NTRjOC9kYXRhYmFzZXMvKGRlZmF1bHQpL2NvbGxlY3Rpb25Hcm91cHMvb3RwQ29kZXMvaW5kZXhlcy9fEAEaCQoFZW1haWwQARoNCgljcmVhdGVkQXQQARoMCghfX25hbWVfXxAB
    at callErrorFromStatus (C:\GymPlify\backend\node_modules\@grpc\grpc-js\build\src\call.js:32:19)
    at Object.onReceiveStatus (C:\GymPlify\backend\node_modules\@grpc\grpc-js\build\src\client.js:359:73)
    at Object.onReceiveStatus (C:\GymPlify\backend\node_modules\@grpc\grpc-js\build\src\client-interceptors.js:324:181)
    at C:\GymPlify\backend\node_modules\@grpc\grpc-js\build\src\resolving-call.js:135:78
    at process.processTicksAndRejections (node:internal/process/task_queues:85:11)
for call at
    at ServiceClientImpl.makeServerStreamRequest (C:\GymPlify\backend\node_modules\@grpc\grpc-js\build\src\client.js:342:32)
    at ServiceClientImpl.<anonymous> (C:\GymPlify\backend\node_modules\@grpc\grpc-js\build\src\make-client.js:105:19)
    at C:\GymPlify\backend\node_modules\@google-cloud\firestore\build\src\v1\firestore_client.js:237:29
    at C:\GymPlify\backend\node_modules\google-gax\build\src\streamingCalls\streamingApiCaller.js:38:28
    at C:\GymPlify\backend\node_modules\google-gax\build\src\normalCalls\timeout.js:44:16
    at Object.request (C:\GymPlify\backend\node_modules\google-gax\build\src\streamingCalls\streaming.js:234:40)
    at makeRequest (C:\GymPlify\backend\node_modules\retry-request\index.js:159:28)
    at retryRequest (C:\GymPlify\backend\node_modules\retry-request\index.js:119:5)
    at StreamProxy.setStream (C:\GymPlify\backend\node_modules\google-gax\build\src\streamingCalls\streaming.js:225:37)
    at StreamingApiCaller.call (C:\GymPlify\backend\node_modules\google-gax\build\src\streamingCalls\streamingApiCaller.js:54:16)
Caused by: Error
    at QueryUtil._getResponse (C:\GymPlify\backend\node_modules\@google-cloud\firestore\build\src\reference\query-util.js:44:23)
    at Query._getResponse (C:\GymPlify\backend\node_modules\@google-cloud\firestore\build\src\reference\query.js:784:32)
    at Query._get (C:\GymPlify\backend\node_modules\@google-cloud\firestore\build\src\reference\query.js:777:35)
    at C:\GymPlify\backend\node_modules\@google-cloud\firestore\build\src\reference\query.js:745:43
    at C:\GymPlify\backend\node_modules\@google-cloud\firestore\build\src\telemetry\enabled-trace-util.js:110:30
    at NoopContextManager.with (C:\GymPlify\backend\node_modules\@opentelemetry\api\build\src\context\NoopContextManager.js:25:19)
    at ContextAPI.with (C:\GymPlify\backend\node_modules\@opentelemetry\api\build\src\api\context.js:60:46)
    at NoopTracer.startActiveSpan (C:\GymPlify\backend\node_modules\@opentelemetry\api\build\src\trace\NoopTracer.js:65:31)
    at ProxyTracer.startActiveSpan (C:\GymPlify\backend\node_modules\@opentelemetry\api\build\src\trace\ProxyTracer.js:36:24)
    at EnabledTraceUtil.startActiveSpan (C:\GymPlify\backend\node_modules\@google-cloud\firestore\build\src\telemetry\enabled-trace-util.js:102:28) {
  code: 9,
  details: 'The query requires an index. You can create it here: https://console.firebase.google.com/v1/r/project/gymplify-554c8/firestore/indexes?create_composite=Ck9wcm9qZWN0cy9neW1wbGlmeS01NTRjOC9kYXRhYmFzZXMvKGRlZmF1bHQpL2NvbGxlY3Rpb25Hcm91cHMvb3RwQ29kZXMvaW5kZXhlcy9fEAEaCQoFZW1haWwQARoNCgljcmVhdGVkQXQQARoMCghfX25hbWVfXxAB',
  metadata: Metadata {
    internalRepr: Map(1) { 'x-debug-tracking-id' => [Array] },
    options: {}
  }
}
2025-10-24 01:46:13 +08:00: Error sending OTP: Error: 9 FAILED_PRECONDITION: The query requires an index. You can create it here: https://console.firebase.google.com/v1/r/project/gymplify-554c8/firestore/indexes?create_composite=Ck9wcm9qZWN0cy9neW1wbGlmeS01NTRjOC9kYXRhYmFzZXMvKGRlZmF1bHQpL2NvbGxlY3Rpb25Hcm91cHMvb3RwQ29kZXMvaW5kZXhlcy9fEAEaCQoFZW1haWwQARoNCgljcmVhdGVkQXQQARoMCghfX25hbWVfXxAB
    at callErrorFromStatus (C:\GymPlify\backend\node_modules\@grpc\grpc-js\build\src\call.js:32:19)
    at Object.onReceiveStatus (C:\GymPlify\backend\node_modules\@grpc\grpc-js\build\src\client.js:359:73)
    at Object.onReceiveStatus (C:\GymPlify\backend\node_modules\@grpc\grpc-js\build\src\client-interceptors.js:324:181)
    at C:\GymPlify\backend\node_modules\@grpc\grpc-js\build\src\resolving-call.js:135:78
    at process.processTicksAndRejections (node:internal/process/task_queues:85:11)
for call at
    at ServiceClientImpl.makeServerStreamRequest (C:\GymPlify\backend\node_modules\@grpc\grpc-js\build\src\client.js:342:32)
    at ServiceClientImpl.<anonymous> (C:\GymPlify\backend\node_modules\@grpc\grpc-js\build\src\make-client.js:105:19)
    at C:\GymPlify\backend\node_modules\@google-cloud\firestore\build\src\v1\firestore_client.js:237:29
    at C:\GymPlify\backend\node_modules\google-gax\build\src\streamingCalls\streamingApiCaller.js:38:28
    at C:\GymPlify\backend\node_modules\google-gax\build\src\normalCalls\timeout.js:44:16
    at Object.request (C:\GymPlify\backend\node_modules\google-gax\build\src\streamingCalls\streaming.js:234:40)
    at makeRequest (C:\GymPlify\backend\node_modules\retry-request\index.js:159:28)
    at retryRequest (C:\GymPlify\backend\node_modules\retry-request\index.js:119:5)
    at StreamProxy.setStream (C:\GymPlify\backend\node_modules\google-gax\build\src\streamingCalls\streaming.js:225:37)
    at StreamingApiCaller.call (C:\GymPlify\backend\node_modules\google-gax\build\src\streamingCalls\streamingApiCaller.js:54:16)
Caused by: Error
    at QueryUtil._getResponse (C:\GymPlify\backend\node_modules\@google-cloud\firestore\build\src\reference\query-util.js:44:23)
    at Query._getResponse (C:\GymPlify\backend\node_modules\@google-cloud\firestore\build\src\reference\query.js:784:32)
    at Query._get (C:\GymPlify\backend\node_modules\@google-cloud\firestore\build\src\reference\query.js:777:35)
    at C:\GymPlify\backend\node_modules\@google-cloud\firestore\build\src\reference\query.js:745:43
    at C:\GymPlify\backend\node_modules\@google-cloud\firestore\build\src\telemetry\enabled-trace-util.js:110:30
    at NoopContextManager.with (C:\GymPlify\backend\node_modules\@opentelemetry\api\build\src\context\NoopContextManager.js:25:19)
    at ContextAPI.with (C:\GymPlify\backend\node_modules\@opentelemetry\api\build\src\api\context.js:60:46)
    at NoopTracer.startActiveSpan (C:\GymPlify\backend\node_modules\@opentelemetry\api\build\src\trace\NoopTracer.js:65:31)
    at ProxyTracer.startActiveSpan (C:\GymPlify\backend\node_modules\@opentelemetry\api\build\src\trace\ProxyTracer.js:36:24)
    at EnabledTraceUtil.startActiveSpan (C:\GymPlify\backend\node_modules\@google-cloud\firestore\build\src\telemetry\enabled-trace-util.js:102:28) {
  code: 9,
  details: 'The query requires an index. You can create it here: https://console.firebase.google.com/v1/r/project/gymplify-554c8/firestore/indexes?create_composite=Ck9wcm9qZWN0cy9neW1wbGlmeS01NTRjOC9kYXRhYmFzZXMvKGRlZmF1bHQpL2NvbGxlY3Rpb25Hcm91cHMvb3RwQ29kZXMvaW5kZXhlcy9fEAEaCQoFZW1haWwQARoNCgljcmVhdGVkQXQQARoMCghfX25hbWVfXxAB',
  metadata: Metadata {
    internalRepr: Map(1) { 'x-debug-tracking-id' => [Array] },
    options: {}
  }
}
